\BOOKMARK [-1][-]{part.1}{\376\377\173\054\116\000\220\350\122\006\136\366\133\211\145\164\230\316\217\320\122\250\166\204\215\167\156\220}{}% 1
\BOOKMARK [0][-]{chapter.1}{\376\377\173\054\116\000\172\340\000\040\153\333\154\375\116\034\116\016\123\237\116\055\121\161\116\055\131\056\123\206\123\362\116\012\122\006\153\147\166\204\165\061\147\145}{part.1}% 2
\BOOKMARK [1][-]{section.1.1}{\376\377\0001\000.\0001\000\040\000\040\060\014\121\234\154\021\121\132\060\015\060\001\060\014\121\233\121\132\060\015\124\214\153\333\154\375\116\034\166\204\060\014\116\146\213\260\162\354\210\301\060\015\225\356\230\230}{chapter.1}% 3
\BOOKMARK [1][-]{section.1.2}{\376\377\0001\000.\0002\000\040\153\333\154\375\116\034\127\050\060\014\200\203\000\040\000A\000B\000\040\126\342\060\015\225\356\230\230\116\012\166\204\147\201\172\357\210\114\116\072\116\016\116\055\121\161\116\055\131\056\166\204\123\315\136\224}{chapter.1}% 4
\BOOKMARK [1][-]{section.1.3}{\376\377\0001\000.\0003\000\040\124\150\140\151\147\145\116\016\153\333\154\375\116\034\127\050\202\317\123\072\200\203\123\315\225\356\230\230\116\012\166\204\137\002\124\014\160\271}{chapter.1}% 5
\BOOKMARK [1][-]{section.1.4}{\376\377\0001\000.\0004\000\040\127\050\127\037\127\060\145\077\173\126\145\271\227\142\166\204\122\006\153\147}{chapter.1}% 6
\BOOKMARK [1][-]{section.1.5}{\376\377\0001\000.\0005\000\040\127\050\121\233\116\213\142\030\165\145\145\271\224\210\145\271\227\142\166\204\122\006\153\147}{chapter.1}% 7
\BOOKMARK [1][-]{section.1.6}{\376\377\0001\000.\0006\000\040\000\040\121\132\147\103\232\330\155\250\377\014\121\150\166\330\117\304\123\026\123\312\153\333\154\375\116\034\210\253\121\267\220\107}{chapter.1}% 8
\BOOKMARK [0][-]{chapter.2}{\376\377\173\054\116\214\172\340\000\040\220\165\116\111\117\032\213\256\137\214\153\333\154\375\116\034\166\204\147\103\122\233\142\151\137\040\124\214\147\145\201\352\203\253\145\257\171\321\166\204\145\077\000\040\173\126\136\162\230\204}{part.1}% 9
\BOOKMARK [1][-]{section.2.1}{\376\377\0002\000.\0001\000\040\153\333\154\375\116\034\220\020\153\145\143\214\143\247\121\233\147\103\060\001\121\132\147\103}{chapter.2}% 10
\BOOKMARK [1][-]{section.2.2}{\376\377\0002\000.\0002\000\040\116\316\153\333\060\001\137\040\377\010\225\373\131\051\377\011\200\124\166\337\122\060\153\333\060\001\122\030\377\010\134\021\131\107\377\011\200\124\166\337}{chapter.2}% 11
\BOOKMARK [1][-]{section.2.3}{\376\377\0002\000.\0003\000\040\0001\0009\0003\0001\000-\0001\0009\0003\0005\000\040\136\164\163\213\146\016\133\371\153\333\154\375\116\034\166\204\213\244\213\306}{chapter.2}% 12
\BOOKMARK [1][-]{section.2.4}{\376\377\0002\000.\0004\000\040\127\050\060\014\123\315\204\213\142\227\145\345\060\015\225\356\230\230\116\012\153\333\154\375\116\034\116\016\203\253\145\257\171\321\166\204\122\006\153\147}{chapter.2}% 13
\BOOKMARK [0][-]{chapter.3}{\376\377\173\054\116\011\172\340\000\040\163\213\146\016\217\324\126\375\122\115\137\214\116\055\121\161\150\070\137\303\134\102\166\204\116\211\213\272\116\016\122\233\221\317\221\315\000\040\176\304}{part.1}% 14
\BOOKMARK [1][-]{section.3.1}{\376\377\0003\000.\0001\000\040\153\333\154\375\116\034\124\214\124\150\140\151\147\145\173\111\127\050\131\004\164\006\126\375\121\161\121\163\174\373\123\312\121\153\215\357\121\233\121\233\116\213\142\030\165\145\145\271\224\210\116\012\166\204\122\006\000\040\153\147}{chapter.3}% 15
\BOOKMARK [1][-]{section.3.2}{\376\377\0003\000.\0002\000\040\000\040\153\333\154\375\116\034\166\204\164\006\213\272\145\073\122\277\116\016\122\030\134\021\131\107\133\371\153\333\166\204\145\057\143\001}{chapter.3}% 16
\BOOKMARK [1][-]{section.3.3}{\376\377\0003\000.\0003\000\040\213\251\153\145\116\016\173\111\137\205\377\032\0001\0009\0003\0007\000\040\136\164\000\040\0001\0002\000\040\147\010\145\077\154\273\134\100\117\032\213\256}{chapter.3}% 17
\BOOKMARK [1][-]{section.3.4}{\376\377\0003\000.\0004\000\040\153\333\154\375\116\034\116\016\153\146\154\111\060\014\173\054\116\214\145\077\154\273\134\100\060\015\166\204\133\371\172\313}{chapter.3}% 18
\BOOKMARK [0][-]{chapter.4}{\376\377\173\054\126\333\172\340\000\040\153\333\154\375\116\034\133\371\163\213\146\016\166\204\221\315\131\047\200\334\122\051}{part.1}% 19
\BOOKMARK [1][-]{section.4.1}{\376\377\0004\000.\0001\000\040\153\333\154\375\116\034\217\302\126\336\123\315\121\373\163\213\146\016}{chapter.4}% 20
\BOOKMARK [1][-]{section.4.2}{\376\377\0004\000.\0002\000\040\121\163\116\216\133\143\174\163\162\171\155\033\131\053\145\057\143\001\153\333\154\375\116\034\116\072\116\055\121\161\230\206\210\226\166\204\060\014\123\343\117\341\060\015}{chapter.4}% 21
\BOOKMARK [1][-]{section.4.3}{\376\377\0004\000.\0003\000\040\116\044\227\142\173\126\165\145\377\032\116\055\121\161\121\155\134\112\121\155\116\055\121\150\117\032\116\016\153\333\154\375\116\034\166\204\060\010\213\272\145\260\226\066\153\265\060\011}{chapter.4}% 22
\BOOKMARK [1][-]{section.4.4}{\376\377\0004\000.\0004\000\040\153\333\154\375\116\034\166\204\060\014\145\260\213\335\060\015\377\032\060\014\232\154\121\113\140\035\116\073\116\111\166\204\116\055\126\375\123\026\060\015}{chapter.4}% 23
\BOOKMARK [0][-]{chapter.5}{\376\377\173\054\116\224\172\340\000\040\131\072\123\326\141\017\213\306\137\142\140\001\166\204\060\014\211\343\221\312\147\103\060\015}{part.1}% 24
\BOOKMARK [1][-]{section.5.1}{\376\377\0005\000.\0001\000\040\153\333\154\375\116\034\116\316\145\257\131\047\147\227\060\012\200\124\121\161\121\132\123\362\060\013\116\055\133\146\122\060\116\206\116\300\116\110\377\037}{chapter.5}% 25
\BOOKMARK [1][-]{section.5.2}{\376\377\0005\000.\0002\000\040\060\014\143\026\130\231\211\322\060\001\143\272\154\231\133\120\060\015\377\032\226\110\117\057\217\276\060\001\200\341\116\124\147\050\173\111\166\204\144\342\123\107}{chapter.5}% 26
\BOOKMARK [1][-]{section.5.3}{\376\377\0005\000.\0003\000\040\060\014\165\051\167\363\131\064\060\015\377\032\153\333\154\375\116\034\177\026\060\014\121\132\116\146\060\015}{chapter.5}% 27
\BOOKMARK [-1][-]{part.2}{\376\377\173\054\116\214\220\350\122\006\153\333\154\375\116\034\116\016\136\366\133\211\145\164\230\316\217\320\122\250}{}% 28
\BOOKMARK [0][-]{chapter.6}{\376\377\173\054\121\155\172\340\000\040\145\164\230\316\217\320\122\250\122\115\131\025\116\055\121\161\166\204\121\205\131\026\163\257\130\203\116\016\153\333\154\375\116\034\166\204\137\072\122\277\127\060\117\115}{part.2}% 29
\BOOKMARK [1][-]{section.6.1}{\376\377\0006\000.\0001\000\040\126\333\123\101\136\164\116\343\122\035\136\366\133\211\166\204\171\076\117\032\165\037\140\001\147\204\142\020}{chapter.6}% 30
\BOOKMARK [1][-]{section.6.2}{\376\377\0006\000.\0002\000\040\116\016\204\213\116\313\167\363\060\001\145\257\131\047\147\227\166\370\124\150\145\313}{chapter.6}% 31
\BOOKMARK [1][-]{section.6.3}{\376\377\0006\000.\0003\000\040\153\333\154\375\116\034\147\000\127\132\133\232\166\204\166\337\123\313\377\032\122\030\134\021\131\107\123\312\121\166\163\355\136\225\000\040}{chapter.6}% 32
\BOOKMARK [1][-]{section.6.4}{\376\377\0006\000.\0004\000\040\153\333\154\375\116\034\142\113\116\055\060\014\121\372\227\230\166\204\122\051\122\121\060\015\377\032\136\267\165\037\000\040}{chapter.6}% 33
\BOOKMARK [1][-]{section.6.5}{\376\377\0006\000.\0005\000\040\000\040\153\333\154\375\116\034\166\204\060\014\121\205\173\241\133\266\060\015\377\032\116\373\137\074\145\366\060\001\226\110\116\221\060\001\147\116\133\314\146\045}{chapter.6}% 34
\BOOKMARK [1][-]{section.6.6}{\376\377\0006\000.\0006\000\040\142\166\151\015\127\060\145\271\133\236\122\233\155\076\377\032\232\330\134\227\166\204\135\033\215\167\000\040}{chapter.6}% 35
\BOOKMARK [1][-]{section.6.7}{\376\377\0006\000.\0007\000\040\221\315\145\260\214\003\145\164\116\016\153\333\154\375\116\034\166\204\121\163\174\373\377\032\131\004\130\203\134\064\134\054\166\204\121\233\145\271\000\040}{chapter.6}% 36
\BOOKMARK [0][-]{chapter.7}{\376\377\173\054\116\003\172\340\000\040\116\012\134\102\227\151\124\175\166\204\137\000\131\313\377\032\153\333\154\375\116\034\116\016\163\213\146\016\166\204\231\226\153\041\121\154\137\000\116\244\000\040\225\013\000\040}{part.2}% 37
\BOOKMARK [1][-]{section.7.1}{\376\377\0007\000.\0001\000\040\172\167\220\024\147\053\215\357\166\204\126\375\226\105\155\076\000\040}{chapter.7}% 38
\BOOKMARK [1][-]{section.7.2}{\376\377\0007\000.\0002\000\040\217\333\220\000\131\061\143\156\166\204\124\150\140\151\147\145}{chapter.7}% 39
\BOOKMARK [1][-]{section.7.3}{\376\377\0007\000.\0003\000\040\000\040\122\035\142\030\124\112\143\167\377\032\0001\0009\0004\0001\000\040\136\164\000\040\0009\000\040\147\010\145\077\154\273\134\100\142\151\131\047\117\032\213\256}{chapter.7}% 40
\BOOKMARK [0][-]{chapter.8}{\376\377\173\054\121\153\172\340\000\040\227\151\124\175\217\154\121\145\116\055\116\013\134\102\377\032\121\150\227\142\145\164\230\316\166\204\123\321\227\347}{part.2}% 41
\BOOKMARK [1][-]{section.8.1}{\376\377\0008\000.\0001\000\040\122\250\124\130\060\014\140\035\140\363\227\151\124\175\060\015\377\032\153\333\154\375\116\034\172\166\172\337\211\201\120\132\116\300\116\110\377\037}{chapter.8}% 42
\BOOKMARK [1][-]{section.8.2}{\376\377\0008\000.\0002\000\040\000\040\121\273\176\323\145\077\154\273\134\100\377\014\116\055\131\056\140\073\133\146\131\324\166\204\142\020\172\313}{chapter.8}% 43
\BOOKMARK [0][-]{chapter.9}{\376\377\173\054\116\135\172\340\000\040\116\316\060\014\136\366\133\211\116\113\146\045\060\015\122\060\145\227\116\211\163\213\133\236\124\163}{part.2}% 44
\BOOKMARK [1][-]{section.9.1}{\376\377\0009\000.\0001\000\040\122\051\165\050\201\352\165\061\116\073\116\111\142\123\121\373\145\131\147\141\116\073\116\111\377\032\136\366\133\211\060\014\201\352\165\061\123\026\060\015\212\000\213\272\166\204\121\372\000\040\173\074}{chapter.9}% 45
\BOOKMARK [1][-]{section.9.2}{\376\377\0009\000.\0002\000\040\124\174\125\044\116\272\220\123\166\204\060\001\154\021\116\073\166\204\171\076\117\032\116\073\116\111\377\032\163\213\133\236\124\163\212\000\213\272\116\055\166\204\141\017\116\111}{chapter.9}% 46
\BOOKMARK [1][-]{section.9.3}{\376\377\0009\000.\0003\000\040\230\316\124\021\172\201\217\154\377\032\153\333\154\375\116\034\142\377\163\213\133\236\124\163\137\000\122\000}{chapter.9}% 47
\BOOKMARK [1][-]{section.9.4}{\376\377\0009\000.\0004\000\040\153\333\154\375\116\034\116\072\116\300\116\110\211\201\176\331\136\366\133\211\145\207\123\026\116\272\131\127\116\012\060\014\217\224\131\064\060\015\377\037}{chapter.9}% 48
\BOOKMARK [1][-]{section.9.5}{\376\377\0009\000.\0005\000\040\136\366\133\211\145\207\202\172\136\247\214\010\117\032\116\016\153\333\154\375\116\034\060\014\121\132\145\207\123\026\060\015\211\302\166\204\137\142\142\020}{chapter.9}% 49
\BOOKMARK [0][-]{chapter.10}{\376\377\173\054\123\101\172\340\000\040\145\164\230\316\127\050\155\361\121\145\377\032\133\243\117\040\124\214\136\162\220\350\145\131\200\262\174\373\176\337\166\204\221\315\136\372}{part.2}% 50
\BOOKMARK [1][-]{section.10.1}{\376\377\0001\0000\000.\0001\000\040\221\315\136\372\060\014\121\132\166\204\125\211\202\014\060\015\377\032\136\366\133\211\060\012\211\343\145\076\145\345\142\245\060\013\166\204\145\164\230\316}{chapter.10}% 51
\BOOKMARK [1][-]{section.10.2}{\376\377\0001\0000\000.\0002\000\040\226\106\133\232\116\000\060\001\200\341\116\124\147\050\116\016\153\333\154\017\060\014\145\260\225\373\133\146\060\015\123\237\122\031\166\204\170\156\172\313}{chapter.10}% 52
\BOOKMARK [1][-]{section.10.3}{\376\377\0001\0000\000.\0003\000\040\220\223\123\321\210\253\215\054\236\334\116\016\116\055\131\056\121\132\150\041\166\204\116\011\153\041\145\071\176\304}{chapter.10}% 53
\BOOKMARK [1][-]{section.10.4}{\376\377\0001\0000\000.\0004\000\040\137\155\167\037\116\016\116\055\131\056\121\132\150\041\166\204\137\173\136\225\153\333\123\026}{chapter.10}% 54
\BOOKMARK [0][-]{chapter.11}{\376\377\173\054\123\101\116\000\172\340\000\040\225\073\220\040\060\014\145\260\116\272\060\015\000\040\377\032\116\316\145\164\230\316\122\060\133\241\136\162}{part.2}% 55
\BOOKMARK [1][-]{section.11.1}{\376\377\0001\0001\000.\0001\000\040\145\131\123\026\121\110\210\114\377\032\124\054\117\040\217\276\142\245\124\112\124\214\174\276\213\373\145\207\116\366}{chapter.11}% 56
\BOOKMARK [1][-]{section.11.2}{\376\377\0001\0001\000.\0002\000\040\143\222\226\037\144\170\136\225\377\032\124\175\116\344\121\231\123\315\167\001\173\024\213\260}{chapter.11}% 57
\BOOKMARK [1][-]{section.11.3}{\376\377\0001\0001\000.\0003\000\040\133\241\147\345\127\050\137\214\377\032\122\250\124\130\130\153\060\014\134\017\136\177\144\255\214\003\147\345\210\150\060\015}{chapter.11}% 58
\BOOKMARK [1][-]{section.11.4}{\376\377\0001\0001\000.\0004\000\040\116\072\217\320\122\250\221\315\137\303\166\204\217\154\171\373\117\134\121\306\131\007\377\032\153\333\154\375\116\034\060\001\136\267\165\037\166\204\136\125\137\214\155\073\122\250}{chapter.11}% 59
\BOOKMARK [1][-]{section.11.5}{\376\377\0001\0001\000.\0005\000\040\124\021\121\132\116\244\137\303\377\032\116\244\116\343\116\052\116\272\123\206\123\362}{chapter.11}% 60
\BOOKMARK [1][-]{section.11.6}{\376\377\0001\0001\000.\0006\000\040\060\014\201\061\210\344\133\120\377\014\122\162\134\076\135\364\060\015\000\040\377\032\127\050\123\314\221\315\123\213\122\233\116\013\155\244\203\141\160\165\233\102}{chapter.11}% 61
\BOOKMARK [1][-]{section.11.7}{\376\377\0001\0001\000.\0007\000\040\060\014\137\227\145\121\060\015\377\032\060\014\145\260\116\272\060\015\166\204\213\336\165\037}{chapter.11}% 62
\BOOKMARK [0][-]{chapter.12}{\376\377\173\054\123\101\116\214\172\340\000\040\000\040\227\151\124\175\124\021\147\000\232\330\226\066\153\265\123\321\134\125\377\032\133\241\136\162\060\001\200\203\131\170\116\016\142\242\000\040\145\121\217\320\122\250}{part.2}% 63
\BOOKMARK [1][-]{section.12.1}{\376\377\0001\0002\000.\0001\000\040\136\267\165\037\147\072\121\163\116\016\0001\0009\0003\0007\000\040\136\164\137\214\136\366\133\211\166\204\060\014\200\203\142\130\060\015}{chapter.12}% 64
\BOOKMARK [1][-]{section.12.2}{\376\377\0001\0002\000.\0002\000\040\0001\0009\0004\0000\000\040\136\164\166\204\133\241\136\162\116\016\136\162\220\350\150\143\150\110\122\066\136\246\166\204\136\372\172\313}{chapter.12}% 65
\BOOKMARK [1][-]{section.12.3}{\376\377\0001\0002\000.\0003\000\040\060\014\145\164\230\316\137\305\161\066\217\154\121\145\133\241\136\162\377\014\133\241\136\162\137\305\161\066\217\154\121\145\123\315\131\170\377\010\200\203\123\315\377\011\060\015}{chapter.12}% 66
\BOOKMARK [1][-]{section.12.4}{\376\377\0001\0002\000.\0004\000\040\153\333\154\375\116\034\166\204\060\014\200\203\123\315\060\015\140\305\176\323}{chapter.12}% 67
\BOOKMARK [1][-]{section.12.5}{\376\377\0001\0002\000.\0005\000\040\153\333\154\375\116\034\060\001\116\055\131\056\140\073\133\146\131\324\124\214\116\055\131\056\171\076\117\032\220\350\166\204\121\163\174\373}{chapter.12}% 68
\BOOKMARK [1][-]{section.12.6}{\376\377\0001\0002\000.\0006\000\040\127\050\060\014\213\325\232\214\165\060\060\015\221\314\122\066\220\040\121\372\166\204\060\014\137\040\121\113\122\344\150\110\060\015}{chapter.12}% 69
\BOOKMARK [1][-]{section.12.7}{\376\377\0001\0002\000.\0007\000\040\060\014\142\242\145\121\060\015\166\204\121\150\227\142\123\321\122\250\116\016\122\030\134\021\131\107\217\333\121\145\060\014\123\315\131\170\060\015\230\206\133\374\150\070\137\303}{chapter.12}% 70
\BOOKMARK [0][-]{chapter.13}{\376\377\173\054\123\101\116\011\172\340\000\040\060\014\142\242\145\121\060\015\230\316\146\264\116\013\166\204\136\366\133\211\124\214\124\004\150\071\143\156\127\060}{part.2}% 71
\BOOKMARK [1][-]{section.13.1}{\376\377\0001\0003\000.\0001\000\040\060\014\142\242\145\121\060\015\166\204\173\126\165\145\124\214\142\113\153\265}{chapter.13}% 72
\BOOKMARK [1][-]{section.13.2}{\376\377\0001\0003\000.\0002\000\040\116\055\166\364\147\072\121\163\166\204\060\014\142\242\145\121\060\015}{chapter.13}% 73
\BOOKMARK [1][-]{section.13.3}{\376\377\0001\0003\000.\0003\000\040\121\233\166\364\147\072\121\163\166\204\060\014\142\242\145\121\060\015}{chapter.13}% 74
\BOOKMARK [1][-]{section.13.4}{\376\377\0001\0003\000.\0004\000\040\211\177\123\027\134\100\124\214\217\271\123\072\174\373\176\337\166\204\060\014\142\242\145\121\060\015}{chapter.13}% 75
\BOOKMARK [1][-]{section.13.5}{\376\377\0001\0003\000.\0005\000\040\116\055\131\056\121\132\150\041\166\204\060\014\142\242\145\121\060\015}{chapter.13}% 76
\BOOKMARK [1][-]{section.13.6}{\376\377\0001\0003\000.\0006\000\040\136\366\133\211\201\352\161\066\171\321\133\146\226\142\166\204\060\014\142\242\145\121\060\015}{chapter.13}% 77
\BOOKMARK [1][-]{section.13.7}{\376\377\0001\0003\000.\0007\000\040\234\201\202\172\377\010\136\366\133\211\131\047\133\146\377\011\166\204\060\014\142\242\145\121\060\015}{chapter.13}% 78
\BOOKMARK [1][-]{section.13.8}{\376\377\0001\0003\000.\0008\000\040\146\113\133\337\121\200\060\001\146\113\176\345\060\001\131\052\210\114\150\071\143\156\127\060\166\204\060\014\142\242\145\121\060\015}{chapter.13}% 79
\BOOKMARK [1][-]{section.13.9}{\376\377\0001\0003\000.\0009\000\040\123\116\116\055\150\071\143\156\127\060\166\204\060\014\142\242\145\121\060\015}{chapter.13}% 80
\BOOKMARK [1][-]{section.13.10}{\376\377\0001\0003\000.\0001\0000\000\040\125\057\116\000\147\052\137\000\134\125\060\014\142\242\145\121\060\015\166\204\134\161\116\034\150\071\143\156\127\060}{chapter.13}% 81
\BOOKMARK [0][-]{chapter.14}{\376\377\173\054\123\101\126\333\172\340\000\040\217\333\116\044\153\145\377\014\220\000\116\000\153\145\377\032\060\014\142\242\145\121\060\015\166\204\204\075\157\156}{part.2}% 82
\BOOKMARK [1][-]{section.14.1}{\376\377\0001\0004\000.\0001\000\040\060\014\133\241\136\162\116\135\147\141\060\015\121\215\230\201\136\003\137\214\060\014\142\242\145\121\060\015\116\072\116\300\116\110\141\010\157\024\141\010\160\310\377\037}{chapter.14}% 83
\BOOKMARK [1][-]{section.14.2}{\376\377\0001\0004\000.\0002\000\040\116\055\131\056\116\073\211\201\230\206\133\374\136\162\220\350\133\371\060\014\142\242\145\121\060\015\166\204\123\315\136\224}{chapter.14}% 84
\BOOKMARK [1][-]{section.14.3}{\376\377\0001\0004\000.\0003\000\040\0001\0009\0004\0003\000\040\136\164\000\040\0001\0002\000\040\147\010\000\040\0002\0002\000\040\145\345\133\143\174\163\162\171\155\033\131\053\147\145\165\065\116\016\060\014\142\242\145\121\060\015\166\204\116\055\153\142}{chapter.14}% 85
\BOOKMARK [1][-]{section.14.4}{\376\377\0001\0004\000.\0004\000\040\165\004\122\053\377\032\127\050\153\333\154\375\116\034\060\014\220\123\153\111\060\015\166\204\200\314\137\214}{chapter.14}% 86
\BOOKMARK [0][-]{chapter.15}{\376\377\173\054\123\101\116\224\172\340\000\040\060\014\153\333\116\073\136\055\116\007\134\201\060\015\040\024\040\024\136\366\133\211\145\164\230\316\166\204\133\214\142\020}{part.2}% 87
\BOOKMARK [1][-]{section.15.1}{\376\377\0001\0005\000.\0001\000\040\060\014\153\333\154\375\116\034\116\073\116\111\060\015\166\204\143\320\121\372\116\016\117\356\153\143}{chapter.15}% 88
\BOOKMARK [1][-]{section.15.2}{\376\377\0001\0005\000.\0002\000\040\122\030\134\021\131\107\173\111\133\371\153\333\154\375\116\034\166\204\230\202\142\154}{chapter.15}% 89
\BOOKMARK [1][-]{section.15.3}{\376\377\0001\0005\000.\0003\000\040\144\147\153\301\060\014\116\044\116\052\133\227\155\076\060\015\377\032\133\371\163\213\146\016\060\001\123\132\123\344\060\001\124\150\140\151\147\145\060\001\137\155\137\267\140\000\173\111\116\272\166\204\156\005\173\227}{chapter.15}% 90
\BOOKMARK [1][-]{section.15.4}{\376\377\0001\0005\000.\0004\000\040\117\356\213\242\060\010\123\206\123\362\121\263\213\256\060\011\377\032\136\372\147\204\116\345\153\333\154\375\116\034\116\072\116\055\137\303\166\204\116\055\121\161\121\132\123\362\117\123\174\373}{chapter.15}% 91
\BOOKMARK [1][-]{section.15.5}{\376\377\0001\0005\000.\0005\000\040\116\055\121\161\116\003\131\047\123\354\137\000\123\312\123\132\123\344\060\001\137\040\225\373\131\051\173\111\116\272\166\204\121\154\137\000\150\300\213\250}{chapter.15}% 92
\BOOKMARK [1][-]{section.15.6}{\376\377\0001\0005\000.\0006\000\040\153\333\154\375\116\034\166\204\200\334\122\051\116\016\116\055\121\161\145\260\166\204\230\206\133\374\150\070\137\303}{chapter.15}% 93
\BOOKMARK [0][-]{section.15.6}{\376\377\137\214\213\260}{part.2}% 94
